::1 - - [27/Jan/2022:11:51:24 +0000] "POST /backend/api/environment/create HTTP/1.1" 504 - "-" "PostmanRuntime/7.29.0"
::1 - - [27/Jan/2022:11:51:55 +0000] "POST /backend/api/environment/create HTTP/1.1" 500 1331 "-" "PostmanRuntime/7.29.0"
::1 - - [27/Jan/2022:11:54:44 +0000] "POST /backend/api/environment/create HTTP/1.1" 401 20 "-" "PostmanRuntime/7.29.0"
::1 - - [27/Jan/2022:11:55:10 +0000] "POST /backend/api/auth/login HTTP/1.1" 401 20 "-" "PostmanRuntime/7.29.0"
::1 - - [27/Jan/2022:11:55:15 +0000] "POST /api/auth/login HTTP/1.1" 200 38 "-" "PostmanRuntime/7.29.0"
::1 - - [27/Jan/2022:11:55:26 +0000] "POST /backend/api/environment/create HTTP/1.1" 500 1331 "-" "PostmanRuntime/7.29.0"
::1 - - [27/Jan/2022:12:01:03 +0000] "POST /backend/api/environment/create HTTP/1.1" 401 20 "-" "PostmanRuntime/7.29.0"
::1 - - [27/Jan/2022:12:01:09 +0000] "POST /api/auth/login HTTP/1.1" 200 38 "-" "PostmanRuntime/7.29.0"
::1 - - [27/Jan/2022:12:01:32 +0000] "POST /backend/api/environment/create HTTP/1.1" 401 20 "-" "PostmanRuntime/7.29.0"
::1 - - [27/Jan/2022:12:01:37 +0000] "POST /api/auth/login HTTP/1.1" 200 38 "-" "PostmanRuntime/7.29.0"
::1 - - [27/Jan/2022:12:02:42 +0000] "POST /api/auth/login HTTP/1.1" 200 38 "-" "PostmanRuntime/7.29.0"
::1 - - [27/Jan/2022:12:02:44 +0000] "POST /backend/api/environment/create HTTP/1.1" 500 1331 "-" "PostmanRuntime/7.29.0"
::1 - - [27/Jan/2022:12:03:39 +0000] "POST /backend/api/environment/create HTTP/1.1" 401 20 "-" "PostmanRuntime/7.29.0"
::1 - - [27/Jan/2022:12:03:41 +0000] "POST /api/auth/login HTTP/1.1" 200 38 "-" "PostmanRuntime/7.29.0"
::1 - - [27/Jan/2022:12:03:42 +0000] "POST /backend/api/environment/create HTTP/1.1" 500 1331 "-" "PostmanRuntime/7.29.0"
::1 - - [27/Jan/2022:12:04:43 +0000] "POST /backend/api/environment/create HTTP/1.1" 401 20 "-" "PostmanRuntime/7.29.0"
::1 - - [27/Jan/2022:20:14:13 +0000] "POST /api/auth/login HTTP/1.1" 200 38 "-" "PostmanRuntime/7.29.0"
::1 - - [27/Jan/2022:20:14:16 +0000] "POST /backend/api/environment/create HTTP/1.1" 500 1331 "-" "PostmanRuntime/7.29.0"
::1 - - [27/Jan/2022:20:14:45 +0000] "POST /api/auth/login HTTP/1.1" 200 38 "-" "PostmanRuntime/7.29.0"
::1 - - [27/Jan/2022:20:14:47 +0000] "POST /backend/api/environment/create HTTP/1.1" 500 1331 "-" "PostmanRuntime/7.29.0"
::1 - - [27/Jan/2022:20:15:50 +0000] "POST /api/auth/login HTTP/1.1" 200 38 "-" "PostmanRuntime/7.29.0"
::1 - - [27/Jan/2022:20:15:52 +0000] "POST /backend/api/environment/create HTTP/1.1" 500 1331 "-" "PostmanRuntime/7.29.0"
::1 - - [27/Jan/2022:20:19:21 +0000] "POST /api/auth/login HTTP/1.1" 200 38 "-" "PostmanRuntime/7.29.0"
::1 - - [27/Jan/2022:20:19:23 +0000] "POST /backend/api/environment/create HTTP/1.1" 500 1331 "-" "PostmanRuntime/7.29.0"
::1 - - [27/Jan/2022:20:20:00 +0000] "POST /api/auth/login HTTP/1.1" 200 38 "-" "PostmanRuntime/7.29.0"
::1 - - [27/Jan/2022:20:20:02 +0000] "POST /backend/api/environment/create HTTP/1.1" 500 1331 "-" "PostmanRuntime/7.29.0"
::1 - - [27/Jan/2022:20:22:10 +0000] "POST /api/auth/login HTTP/1.1" 200 38 "-" "PostmanRuntime/7.29.0"
::1 - - [27/Jan/2022:20:22:12 +0000] "POST /backend/api/environment/create HTTP/1.1" 500 1331 "-" "PostmanRuntime/7.29.0"
::1 - - [28/Jan/2022:16:28:17 +0000] "GET /backend/api/health/status HTTP/1.1" 401 20 "-" "PostmanRuntime/7.29.0"
::1 - - [28/Jan/2022:16:28:22 +0000] "POST /api/auth/login HTTP/1.1" 200 38 "-" "PostmanRuntime/7.29.0"
::1 - - [28/Jan/2022:16:28:25 +0000] "GET /backend/api/health/status HTTP/1.1" 200 55 "-" "PostmanRuntime/7.29.0"
::1 - - [28/Jan/2022:20:18:16 +0000] "GET /backend/api/environment/create HTTP/1.1" 401 20 "-" "PostmanRuntime/7.29.0"
::1 - - [28/Jan/2022:20:18:23 +0000] "POST /api/auth/login HTTP/1.1" 200 38 "-" "PostmanRuntime/7.29.0"
::1 - - [28/Jan/2022:20:18:25 +0000] "GET /backend/api/environment/create HTTP/1.1" 404 161 "-" "PostmanRuntime/7.29.0"
::1 - - [28/Jan/2022:20:19:52 +0000] "POST /backend/api/environment/create HTTP/1.1" 400 954 "-" "PostmanRuntime/7.29.0"
::1 - - [28/Jan/2022:20:22:52 +0000] "POST /backend/api/environment/create HTTP/1.1" - - "-" "PostmanRuntime/7.29.0"
::1 - - [28/Jan/2022:20:23:09 +0000] "POST /backend/api/environment/create HTTP/1.1" 401 20 "-" "PostmanRuntime/7.29.0"
::1 - - [28/Jan/2022:20:23:13 +0000] "POST /api/auth/login HTTP/1.1" 200 38 "-" "PostmanRuntime/7.29.0"
::1 - - [28/Jan/2022:20:23:29 +0000] "POST /backend/api/environment/create HTTP/1.1" - - "-" "PostmanRuntime/7.29.0"
::1 - - [28/Jan/2022:20:28:25 +0000] "POST /backend/api/environment/create HTTP/1.1" - - "-" "PostmanRuntime/7.29.0"
::1 - - [28/Jan/2022:20:29:44 +0000] "GET /backend/api/health/status HTTP/1.1" 200 55 "-" "PostmanRuntime/7.29.0"
::1 - - [28/Jan/2022:20:32:00 +0000] "POST /backend/api/environment/create HTTP/1.1" - - "-" "PostmanRuntime/7.29.0"
::1 - - [28/Jan/2022:20:36:27 +0000] "POST /api/auth/login HTTP/1.1" 400 - "-" "PostmanRuntime/7.29.0"
::1 - - [28/Jan/2022:20:36:33 +0000] "POST /api/auth/login HTTP/1.1" 400 - "-" "PostmanRuntime/7.29.0"
::1 - - [28/Jan/2022:20:36:44 +0000] "POST /api/auth/login HTTP/1.1" 200 38 "-" "PostmanRuntime/7.29.0"
::1 - - [28/Jan/2022:20:37:39 +0000] "POST /backend/api/environment/create HTTP/1.1" - - "-" "PostmanRuntime/7.29.0"
::1 - - [28/Jan/2022:20:39:26 +0000] "POST /backend/api/environment/create HTTP/1.1" 504 - "-" "PostmanRuntime/7.29.0"
::1 - - [28/Jan/2022:20:43:44 +0000] "POST /api/auth/login HTTP/1.1" 200 38 "-" "PostmanRuntime/7.29.0"
::1 - - [28/Jan/2022:20:43:46 +0000] "GET /backend/api/health/status HTTP/1.1" 200 55 "-" "PostmanRuntime/7.29.0"
::1 - - [28/Jan/2022:20:48:09 +0000] "POST /backend/api/environment/create HTTP/1.1" - - "-" "PostmanRuntime/7.29.0"
::1 - - [28/Jan/2022:20:50:44 +0000] "POST /api/environment/create HTTP/1.1" 404 162 "-" "PostmanRuntime/7.29.0"
::1 - - [28/Jan/2022:20:51:14 +0000] "POST /backend/api/environment/create HTTP/1.1" - - "-" "PostmanRuntime/7.29.0"
::1 - - [28/Jan/2022:20:53:37 +0000] "POST /backend/api/environment/create HTTP/1.1" 202 39 "-" "PostmanRuntime/7.29.0"
::1 - - [28/Jan/2022:21:09:58 +0000] "POST /backend/api/environment/create HTTP/1.1" 202 39 "-" "PostmanRuntime/7.29.0"
::1 - - [28/Jan/2022:21:11:14 +0000] "POST /backend/api/environment/create HTTP/1.1" - - "-" "PostmanRuntime/7.29.0"
::1 - - [28/Jan/2022:21:13:30 +0000] "POST /api/auth/login HTTP/1.1" 200 38 "-" "PostmanRuntime/7.29.0"
::1 - - [28/Jan/2022:21:14:52 +0000] "POST /backend/api/environment/create HTTP/1.1" 401 20 "-" "PostmanRuntime/7.29.0"
::1 - - [28/Jan/2022:21:14:55 +0000] "POST /api/auth/login HTTP/1.1" 200 38 "-" "PostmanRuntime/7.29.0"
::1 - - [28/Jan/2022:21:14:57 +0000] "POST /backend/api/environment/create HTTP/1.1" 202 39 "-" "PostmanRuntime/7.29.0"
::1 - - [28/Jan/2022:21:25:58 +0000] "POST /api/auth/login HTTP/1.1" 200 38 "-" "PostmanRuntime/7.29.0"
::1 - - [28/Jan/2022:21:26:06 +0000] "POST /backend/api/environment/create HTTP/1.1" 202 39 "-" "PostmanRuntime/7.29.0"
::1 - - [28/Jan/2022:21:28:16 +0000] "POST /backend/api/environment/create HTTP/1.1" 202 39 "-" "PostmanRuntime/7.29.0"
::1 - - [28/Jan/2022:21:32:36 +0000] "POST /backend/api/environment/create HTTP/1.1" 202 39 "-" "PostmanRuntime/7.29.0"
